<?xml version="1.0" encoding="UTF-8"?>
<testsuite name="ByteGrayColorTest" tests="5" skipped="0" failures="0" errors="0" timestamp="2022-10-11T14:30:31" hostname="DESKTOP-67PID6H" time="0.012">
  <properties/>
  <testcase name="testCompareTo_whenColorsCreatedWithGrayLevel()" classname="ByteGrayColorTest" time="0.003"/>
  <testcase name="testCompareTo_whenColorsCreatedWithLuminosityAndGrayLevel()" classname="ByteGrayColorTest" time="0.001"/>
  <testcase name="testGetLuminosity_whenColorCreatedWithGrayLevel()" classname="ByteGrayColorTest" time="0.004"/>
  <testcase name="testGetLuminosity_whenColorCreatedWithLuminosity()" classname="ByteGrayColorTest" time="0.002"/>
  <testcase name="testCompareTo_whenColorsCreatedWithLuminosity()" classname="ByteGrayColorTest" time="0.001"/>
  <system-out><![CDATA[]]></system-out>
  <system-err><![CDATA[]]></system-err>
</testsuite>
