<?xml version="1.0" encoding="UTF-8"?>
<testsuite name="MatrixGrayImageTest" tests="3" skipped="0" failures="0" errors="0" timestamp="2022-10-11T14:30:31" hostname="DESKTOP-67PID6H" time="0.073">
  <properties/>
  <testcase name="testGetWidth()" classname="MatrixGrayImageTest" time="0.066"/>
  <testcase name="testGetHeight()" classname="MatrixGrayImageTest" time="0.001"/>
  <testcase name="testGetPixel_whenPixelHasBeenSet()" classname="MatrixGrayImageTest" time="0.004"/>
  <system-out><![CDATA[]]></system-out>
  <system-err><![CDATA[]]></system-err>
</testsuite>
